[0120/234544.322:INFO:CONSOLE:888] "%c current version color: #37af7a;font-size:16px;padding: 4px; 14.1.4", source: https://br.shein.com/ (888)
[0120/234544.355:INFO:CONSOLE:1321] "%c STREAMING color: red; font-size: 16px; font-weight: bold;", source: https://br.shein.com/ (1321)
[0120/234544.529:INFO:CONSOLE:1] "%c[sa-event-center] pkg version: 0.1.60, mode: runtime, vue-version: 3 color:green;font-size:14px;font-weight:bold;", source: https://sc.ltwebstatic.com/she_dist/assets/65927-98cb1fac564c5795.js (1)
[0120/234544.552:INFO:CONSOLE:1] "debugEnabled:  false", source: https://sc.ltwebstatic.com/she_dist/assets/45730-7c4c6746496b92d1.js (1)
[0120/234544.552:INFO:CONSOLE:1] "[PopupSDK] Monitor is disabled by configuration", source: https://sc.ltwebstatic.com/she_dist/assets/45730-7c4c6746496b92d1.js (1)
[0120/234544.661:INFO:CONSOLE:1] "%c[sa-event-center] pkg version: 0.1.60, mode: initial, vue-version: 3 color:green;font-size:14px;font-weight:bold;", source: https://sc.ltwebstatic.com/she_dist/assets/8675-00e6cc63e4fa8518.js (1)
[0120/234544.855:INFO:CONSOLE:1] "Error", source: https://sc.ltwebstatic.com/she_dist/libs/devices/fpv2.7.js (1)
[0120/234545.357:INFO:CONSOLE:1] "%c Global Popup SDK %c v1.7.2 %c background:#35495e; padding: 1px; border-radius: 3px 0 0 3px; color: #fff; background:#41b883; padding: 1px; border-radius: 0 3px 3px 0; color: #fff; background:transparent", source: https://sc.ltwebstatic.com/she_dist/assets/45730-7c4c6746496b92d1.js (1)
[0120/234545.365:INFO:CONSOLE:1] "分流逻辑是否命中： true", source: https://sc.ltwebstatic.com/she_dist/assets/57900-483671db73637d84.js (1)
[0120/234545.389:INFO:CONSOLE:1] "分流逻辑是否命中： true", source: https://sc.ltwebstatic.com/she_dist/assets/57900-483671db73637d84.js (1)
[0120/234545.419:INFO:CONSOLE:1] "Already initialized", source: https://sc.ltwebstatic.com/she_dist/assets/45730-7c4c6746496b92d1.js (1)
[0120/234545.970:INFO:CONSOLE:1] "isCouponGlobalShown false", source: https://sc.ltwebstatic.com/she_dist/assets/15080.365fcf06a85768c2.js (1)
[0120/234546.252:INFO:CONSOLE:4] "[object HTMLImageElement]", source: https://armor.ltwebstatic.com/she_dist/armor-libs/risk_libs/fm.us.4.1.2.js (4)
[0120/234546.506:INFO:CONSOLE:1] "Error", source: https://sc.ltwebstatic.com/she_dist/libs/devices/fpv2.7.js (1)
[0120/234549.836:INFO:CONSOLE:1] "prefetchCallback success [object Event],[object Event],[object Event],[object Event],[object Event],[object Event],[object Event],[object Event],[object Event],[object Event],[object Event],[object Event],[object Event],[object Event],[object Event],[object Event],[object Event],[object Event],[object Event],[object Event],[object Event],[object Event],[object Event],[object Event],[object Event],[object Event],[object Event],[object Event],[object Event],[object Event],[object Event],[object Event],[object Event],[object Event],[object Event],[object Event],[object Event],[object Event],[object Event],[object Event],[object Event],[object Event],[object Event],[object Event],[object Event],[object Event],[object Event],[object Event],[object Event],[object Event],[object Event],[object Event],[object Event],[object Event],[object Event],[object Event],[object Event],[object Event],[object Event],[object Event],[object Event],[object Event],[object Event],[object Event],[object Event],[object Event],[object Event],[object Event],[object Event],[object Event],[object Event],[object Event],[object Event],[object Event],[object Event],[object Event],[object Event],[object Event],[object Event],[object Event],[object Event],[object Event],[object Event],[object Event],[object Event],[object Event],[object Event],[object Event],[object Event],[object Event],[object Event],[object Event],[object Event],[object Event],[object Event],[object Event],[object Event],[object Event],[object Event],[object Event],[object Event],[object Event],[object Event],[object Event],[object Event],[object Event],[object Event],[object Event],[object Event],[object Event],[object Event],[object Event],[object Event],[object Event],[object Event],[object Event],[object Event]", source: https://sc.ltwebstatic.com/she_dist/assets/ccc-home-daca3a84e5d80719.js (1)
[0120/234550.460:INFO:CONSOLE:1] "[@/monitor/metric] check", source: https://sc.ltwebstatic.com/she_dist/assets/57900-483671db73637d84.js (1)
[0120/234555.548:INFO:CONSOLE:1482] "%c HTML-only rendering started color: #2196F3; font-size: 16px; font-weight: bold; padding: 4px; border: 2px solid #2196F3; border-radius: 4px; background-color: #e3f2fd;", source: https://br.shein.com/pdsearch/Carnaval/?ici=s1`DefaultSearch`Carnaval`_fb`d0`PageOthers&search_source=3&search_type=all&source=search&src_identifier=st%3D3%60sc%3DCarnaval%60sr%3D0%60ps%3D2&src_identifier_pre_search=%22%22&src_module=search&src_tab_page_id=page_home1768963544178 (1482)
[0120/234555.796:INFO:CONSOLE:1761] "%c current version color: #37af7a;font-size:16px;padding: 4px; 14.1.4", source: https://br.shein.com/pdsearch/Carnaval/?ici=s1`DefaultSearch`Carnaval`_fb`d0`PageOthers&search_source=3&search_type=all&source=search&src_identifier=st%3D3%60sc%3DCarnaval%60sr%3D0%60ps%3D2&src_identifier_pre_search=%22%22&src_module=search&src_tab_page_id=page_home1768963544178 (1761)
[0120/234556.017:INFO:CONSOLE:1] "%c[sa-event-center] pkg version: 0.1.60, mode: runtime, vue-version: 3 color:green;font-size:14px;font-weight:bold;", source: https://sc.ltwebstatic.com/she_dist/assets/65927-98cb1fac564c5795.js (1)
[0120/234556.036:INFO:CONSOLE:1] "debugEnabled:  false", source: https://sc.ltwebstatic.com/she_dist/assets/45730-7c4c6746496b92d1.js (1)
[0120/234556.037:INFO:CONSOLE:1] "[PopupSDK] Monitor is disabled by configuration", source: https://sc.ltwebstatic.com/she_dist/assets/45730-7c4c6746496b92d1.js (1)
[0120/234556.895:INFO:CONSOLE:1] "Error", source: https://sc.ltwebstatic.com/she_dist/libs/devices/fpv2.7.js (1)
[0120/234557.225:INFO:CONSOLE:1] "%c[sa-event-center] pkg version: 0.1.60, mode: initial, vue-version: 3 color:green;font-size:14px;font-weight:bold;", source: https://sc.ltwebstatic.com/she_dist/assets/8675-00e6cc63e4fa8518.js (1)
[0120/234557.239:INFO:CONSOLE:1] "%c Global Popup SDK %c v1.7.2 %c background:#35495e; padding: 1px; border-radius: 3px 0 0 3px; color: #fff; background:#41b883; padding: 1px; border-radius: 0 3px 3px 0; color: #fff; background:transparent", source: https://sc.ltwebstatic.com/she_dist/assets/45730-7c4c6746496b92d1.js (1)
[0120/234557.247:INFO:CONSOLE:1] "分流逻辑是否命中： true", source: https://sc.ltwebstatic.com/she_dist/assets/57900-483671db73637d84.js (1)
[0120/234557.256:INFO:CONSOLE:1] "分流逻辑是否命中： true", source: https://sc.ltwebstatic.com/she_dist/assets/57900-483671db73637d84.js (1)
[0120/234557.305:INFO:CONSOLE:1] "Error", source: https://sc.ltwebstatic.com/she_dist/libs/devices/fpv2.7.js (1)
[0120/234557.510:INFO:CONSOLE:1] "Already initialized", source: https://sc.ltwebstatic.com/she_dist/assets/45730-7c4c6746496b92d1.js (1)
[0120/234557.518:INFO:CONSOLE:1] "Already initialized", source: https://sc.ltwebstatic.com/she_dist/assets/45730-7c4c6746496b92d1.js (1)
[0120/234557.951:INFO:CONSOLE:1] "isCouponGlobalShown false", source: https://sc.ltwebstatic.com/she_dist/assets/15080.365fcf06a85768c2.js (1)
[0120/234558.007:INFO:CONSOLE:1] "全局埋点收集 ========>  expose_goods_list [object Object]", source: https://sc.ltwebstatic.com/she_dist/assets/52866-16280365e1f801db.js (1)
[0120/234558.221:INFO:CONSOLE:4] "[object HTMLImageElement]", source: https://armor.ltwebstatic.com/she_dist/armor-libs/risk_libs/fm.us.4.1.2.js (4)
[0120/234602.304:INFO:CONSOLE:0] "The resource https://img.ltwebstatic.com/v4/p/spmp/2025/09/04/aa/1756956594d05b4cae203371bee5ad2ca02af6e9e3_square_thumbnail_200x.webp was preloaded using link preload but not used within a few seconds from the window's load event. Please make sure it has an appropriate `as` value and it is preloaded intentionally.", source: https://br.shein.com/pdsearch/Carnaval/?ici=s1`DefaultSearch`Carnaval`_fb`d0`PageOthers&search_source=3&search_type=all&source=search&src_identifier=st%3D3%60sc%3DCarnaval%60sr%3D0%60ps%3D2&src_identifier_pre_search=%22%22&src_module=search&src_tab_page_id=page_home1768963544178 (0)
[0120/234602.703:INFO:CONSOLE:1] "[@/monitor/metric] check", source: https://sc.ltwebstatic.com/she_dist/assets/57900-483671db73637d84.js (1)
[0120/234602.703:INFO:CONSOLE:1] "[@/monitor/log] check", source: https://sc.ltwebstatic.com/she_dist/assets/57900-483671db73637d84.js (1)
[0120/234607.706:INFO:CONSOLE:1] "[@/monitor/metric] check", source: https://sc.ltwebstatic.com/she_dist/assets/57900-483671db73637d84.js (1)
[0120/234607.706:INFO:CONSOLE:1] "[@/monitor/log] check", source: https://sc.ltwebstatic.com/she_dist/assets/57900-483671db73637d84.js (1)
[0120/234612.702:INFO:CONSOLE:1] "[@/monitor/metric] check", source: https://sc.ltwebstatic.com/she_dist/assets/57900-483671db73637d84.js (1)
[0120/234615.940:INFO:CONSOLE:0] "The resource https://img.ltwebstatic.com/v4/p/spmp/2025/09/04/aa/1756956594d05b4cae203371bee5ad2ca02af6e9e3_square_thumbnail_200x.webp was preloaded using link preload but not used within a few seconds from the window's load event. Please make sure it has an appropriate `as` value and it is preloaded intentionally.", source: https://br.shein.com/pdsearch/Carnaval/?ici=s1`DefaultSearch`Carnaval`_fb`d0`PageOthers&search_source=3&search_type=all&source=search&src_identifier=st%3D3%60sc%3DCarnaval%60sr%3D0%60ps%3D2&src_identifier_pre_search=%22%22&src_module=search&src_tab_page_id=page_home1768963544178 (0)
[0120/234617.698:INFO:CONSOLE:1] "[@/monitor/metric] check", source: https://sc.ltwebstatic.com/she_dist/assets/57900-483671db73637d84.js (1)
[0120/234618.944:INFO:CONSOLE:1] "Swiper Loop Warning: The number of slides is not enough for loop mode, it will be disabled and not function properly. You need to add more slides (or make duplicates) or lower the values of slidesPerView and slidesPerGroup parameters", source: https://sc.ltwebstatic.com/she_dist/assets/swiper-404f5939fffa40dd.js (1)
[0120/234619.428:INFO:CONSOLE:1] "Uncaught (in promise) TypeError: Cannot read properties of undefined (reading 'filter')", source: https://sc.ltwebstatic.com/she_dist/assets/49845-9f1e61f47f31ef18.js (1)
[0120/234623.176:INFO:CONSOLE:0] "The resource https://img.ltwebstatic.com/v4/p/spmp/2025/09/04/aa/1756956594d05b4cae203371bee5ad2ca02af6e9e3_square_thumbnail_200x.webp was preloaded using link preload but not used within a few seconds from the window's load event. Please make sure it has an appropriate `as` value and it is preloaded intentionally.", source: https://br.shein.com/pdsearch/Carnaval/?ici=s1%60DefaultSearch%60Carnaval%60_fb%60d0%60PageOthers&search_source=3&search_type=all&source=search&src_identifier=st%3D3%60sc%3DCarnaval%60sr%3D0%60ps%3D2&src_identifier_pre_search=%22%22&src_module=search&src_tab_page_id=page_home1768963544178&page=2&force_suggest=1 (0)
[0120/234623.708:INFO:CONSOLE:1] "[@/monitor/metric] check", source: https://sc.ltwebstatic.com/she_dist/assets/57900-483671db73637d84.js (1)
[0120/234624.435:INFO:CONSOLE:1] "[@/monitor/log] check", source: https://sc.ltwebstatic.com/she_dist/assets/57900-483671db73637d84.js (1)
[0120/234628.709:INFO:CONSOLE:1] "[@/monitor/metric] check", source: https://sc.ltwebstatic.com/she_dist/assets/57900-483671db73637d84.js (1)
[0120/234628.965:INFO:CONSOLE:0] "The resource https://img.ltwebstatic.com/v4/p/spmp/2025/09/04/aa/1756956594d05b4cae203371bee5ad2ca02af6e9e3_square_thumbnail_200x.webp was preloaded using link preload but not used within a few seconds from the window's load event. Please make sure it has an appropriate `as` value and it is preloaded intentionally.", source: https://br.shein.com/pdsearch/Carnaval/?ici=s1%60DefaultSearch%60Carnaval%60_fb%60d0%60PageOthers&search_source=3&search_type=all&source=search&src_identifier=st%3D3%60sc%3DCarnaval%60sr%3D0%60ps%3D2&src_identifier_pre_search=%22%22&src_module=search&src_tab_page_id=page_home1768963544178&page=2&force_suggest=1 (0)
[0120/234629.434:INFO:CONSOLE:1] "[@/monitor/log] check", source: https://sc.ltwebstatic.com/she_dist/assets/57900-483671db73637d84.js (1)
